2020-07-10 16:18:56,623 [main] INFO  com.huwei.test.UserServiceTest - Starting UserServiceTest on DESKTOP-J7NPVVP with PID 968 (started by pc in E:\other\myspring)
2020-07-10 16:18:56,623 [main] INFO  com.huwei.test.UserServiceTest - No active profile set, falling back to default profiles: default
2020-07-10 16:18:57,261 [main] INFO  o.s.boot.autoconfigure.logging.ConditionEvaluationReportLoggingListener - 

Error starting ApplicationContext. To display the conditions report re-run your application with 'debug' enabled.
2020-07-10 16:20:09,949 [main] INFO  com.huwei.test.UserServiceTest - Starting UserServiceTest on DESKTOP-J7NPVVP with PID 17252 (started by pc in E:\other\myspring)
2020-07-10 16:20:09,950 [main] INFO  com.huwei.test.UserServiceTest - No active profile set, falling back to default profiles: default
2020-07-10 16:20:10,621 [main] INFO  o.s.boot.autoconfigure.logging.ConditionEvaluationReportLoggingListener - 

Error starting ApplicationContext. To display the conditions report re-run your application with 'debug' enabled.
2020-07-10 16:21:08,707 [main] INFO  com.huwei.Application - Starting Application on DESKTOP-J7NPVVP with PID 29056 (E:\other\myspring\target\classes started by pc in E:\other\myspring)
2020-07-10 16:21:08,739 [main] INFO  com.huwei.Application - No active profile set, falling back to default profiles: default
2020-07-10 16:21:09,555 [main] INFO  org.springframework.boot.web.embedded.tomcat.TomcatWebServer - Tomcat initialized with port(s): 8080 (http)
2020-07-10 16:21:09,575 [main] INFO  org.apache.coyote.http11.Http11NioProtocol - Initializing ProtocolHandler ["http-nio-8080"]
2020-07-10 16:21:09,576 [main] INFO  org.apache.catalina.core.StandardService - Starting service [Tomcat]
2020-07-10 16:21:09,576 [main] INFO  org.apache.catalina.core.StandardEngine - Starting Servlet engine: [Apache Tomcat/9.0.27]
2020-07-10 16:21:09,678 [main] INFO  org.apache.catalina.core.ContainerBase.[Tomcat].[localhost].[/] - Initializing Spring embedded WebApplicationContext
2020-07-10 16:21:09,678 [main] INFO  org.springframework.web.context.ContextLoader - Root WebApplicationContext: initialization completed in 906 ms
2020-07-10 16:21:09,715 [main] INFO  org.apache.catalina.core.StandardService - Stopping service [Tomcat]
2020-07-10 16:21:09,725 [main] INFO  o.s.boot.autoconfigure.logging.ConditionEvaluationReportLoggingListener - 

Error starting ApplicationContext. To display the conditions report re-run your application with 'debug' enabled.
2020-07-10 16:25:34,271 [main] INFO  com.huwei.test.UserServiceTest - Starting UserServiceTest on DESKTOP-J7NPVVP with PID 21548 (started by pc in E:\other\myspring)
2020-07-10 16:25:34,272 [main] INFO  com.huwei.test.UserServiceTest - No active profile set, falling back to default profiles: default
2020-07-10 16:25:34,892 [main] INFO  o.s.boot.autoconfigure.logging.ConditionEvaluationReportLoggingListener - 

Error starting ApplicationContext. To display the conditions report re-run your application with 'debug' enabled.
2020-07-10 16:26:32,330 [main] INFO  com.huwei.test.UserServiceTest - Starting UserServiceTest on DESKTOP-J7NPVVP with PID 14056 (started by pc in E:\other\myspring)
2020-07-10 16:26:32,331 [main] INFO  com.huwei.test.UserServiceTest - No active profile set, falling back to default profiles: default
2020-07-10 16:26:33,198 [main] INFO  org.springframework.scheduling.concurrent.ThreadPoolTaskExecutor - Initializing ExecutorService 'applicationTaskExecutor'
2020-07-10 16:26:33,429 [main] INFO  com.huwei.test.UserServiceTest - Started UserServiceTest in 1.52 seconds (JVM running for 2.152)
2020-07-10 16:26:33,617 [SpringContextShutdownHook] INFO  org.springframework.scheduling.concurrent.ThreadPoolTaskExecutor - Shutting down ExecutorService 'applicationTaskExecutor'
2020-07-10 16:29:07,237 [main] INFO  com.huwei.test.UserServiceTest - Starting UserServiceTest on DESKTOP-J7NPVVP with PID 11768 (started by pc in E:\other\myspring)
2020-07-10 16:29:07,238 [main] INFO  com.huwei.test.UserServiceTest - No active profile set, falling back to default profiles: default
2020-07-10 16:29:07,877 [main] INFO  o.s.boot.autoconfigure.logging.ConditionEvaluationReportLoggingListener - 

Error starting ApplicationContext. To display the conditions report re-run your application with 'debug' enabled.
2020-07-10 16:31:31,885 [main] INFO  com.huwei.test.UserServiceTest - Starting UserServiceTest on DESKTOP-J7NPVVP with PID 22676 (started by pc in E:\other\myspring)
2020-07-10 16:31:31,886 [main] INFO  com.huwei.test.UserServiceTest - No active profile set, falling back to default profiles: default
2020-07-10 16:31:32,501 [main] INFO  o.s.boot.autoconfigure.logging.ConditionEvaluationReportLoggingListener - 

Error starting ApplicationContext. To display the conditions report re-run your application with 'debug' enabled.
2020-07-10 16:33:39,743 [main] INFO  com.huwei.test.UserServiceTest - Starting UserServiceTest on DESKTOP-J7NPVVP with PID 31612 (started by pc in E:\other\myspring)
2020-07-10 16:33:39,744 [main] INFO  com.huwei.test.UserServiceTest - No active profile set, falling back to default profiles: default
2020-07-10 16:33:40,361 [main] INFO  o.s.boot.autoconfigure.logging.ConditionEvaluationReportLoggingListener - 

Error starting ApplicationContext. To display the conditions report re-run your application with 'debug' enabled.
2020-07-10 16:36:03,070 [main] INFO  com.huwei.test.UserServiceTest - Starting UserServiceTest on DESKTOP-J7NPVVP with PID 19888 (started by pc in E:\other\myspring)
2020-07-10 16:36:03,071 [main] INFO  com.huwei.test.UserServiceTest - No active profile set, falling back to default profiles: default
2020-07-10 16:36:03,638 [main] INFO  o.s.boot.autoconfigure.logging.ConditionEvaluationReportLoggingListener - 

Error starting ApplicationContext. To display the conditions report re-run your application with 'debug' enabled.
2020-07-10 16:39:20,706 [main] INFO  com.huwei.test.UserServiceTest - Starting UserServiceTest on DESKTOP-J7NPVVP with PID 28112 (started by pc in E:\other\myspring)
2020-07-10 16:39:20,707 [main] INFO  com.huwei.test.UserServiceTest - No active profile set, falling back to default profiles: default
2020-07-10 16:39:21,372 [main] INFO  o.s.boot.autoconfigure.logging.ConditionEvaluationReportLoggingListener - 

Error starting ApplicationContext. To display the conditions report re-run your application with 'debug' enabled.
2020-07-10 16:44:14,741 [main] INFO  com.huwei.Application - Starting Application on DESKTOP-J7NPVVP with PID 27644 (E:\other\myspring\target\classes started by pc in E:\other\myspring)
2020-07-10 16:44:14,743 [main] INFO  com.huwei.Application - No active profile set, falling back to default profiles: default
2020-07-10 16:44:15,283 [main] INFO  org.springframework.boot.web.embedded.tomcat.TomcatWebServer - Tomcat initialized with port(s): 8080 (http)
2020-07-10 16:44:15,289 [main] INFO  org.apache.coyote.http11.Http11NioProtocol - Initializing ProtocolHandler ["http-nio-8080"]
2020-07-10 16:44:15,289 [main] INFO  org.apache.catalina.core.StandardService - Starting service [Tomcat]
2020-07-10 16:44:15,289 [main] INFO  org.apache.catalina.core.StandardEngine - Starting Servlet engine: [Apache Tomcat/9.0.27]
2020-07-10 16:44:15,351 [main] INFO  org.apache.catalina.core.ContainerBase.[Tomcat].[localhost].[/] - Initializing Spring embedded WebApplicationContext
2020-07-10 16:44:15,351 [main] INFO  org.springframework.web.context.ContextLoader - Root WebApplicationContext: initialization completed in 581 ms
2020-07-10 16:44:15,386 [main] INFO  org.apache.catalina.core.StandardService - Stopping service [Tomcat]
2020-07-10 16:44:15,395 [main] INFO  o.s.boot.autoconfigure.logging.ConditionEvaluationReportLoggingListener - 

Error starting ApplicationContext. To display the conditions report re-run your application with 'debug' enabled.
2020-07-10 16:48:35,840 [main] INFO  com.huwei.test.UserServiceTest - Starting UserServiceTest on DESKTOP-J7NPVVP with PID 20080 (started by pc in E:\other\myspring)
2020-07-10 16:48:35,841 [main] INFO  com.huwei.test.UserServiceTest - No active profile set, falling back to default profiles: default
2020-07-10 16:48:36,403 [main] INFO  o.s.boot.autoconfigure.logging.ConditionEvaluationReportLoggingListener - 

Error starting ApplicationContext. To display the conditions report re-run your application with 'debug' enabled.
2020-07-10 16:55:06,433 [main] INFO  com.huwei.test.UserServiceTest - Starting UserServiceTest on DESKTOP-J7NPVVP with PID 27992 (started by pc in E:\other\myspring)
2020-07-10 16:55:06,434 [main] INFO  com.huwei.test.UserServiceTest - No active profile set, falling back to default profiles: default
2020-07-10 16:55:07,007 [main] INFO  o.s.boot.autoconfigure.logging.ConditionEvaluationReportLoggingListener - 

Error starting ApplicationContext. To display the conditions report re-run your application with 'debug' enabled.
2020-07-10 16:57:40,329 [main] INFO  com.huwei.test.UserServiceTest - Starting UserServiceTest on DESKTOP-J7NPVVP with PID 19180 (started by pc in E:\other\myspring)
2020-07-10 16:57:40,330 [main] INFO  com.huwei.test.UserServiceTest - No active profile set, falling back to default profiles: default
2020-07-10 16:57:41,521 [main] INFO  org.springframework.scheduling.concurrent.ThreadPoolTaskExecutor - Initializing ExecutorService 'applicationTaskExecutor'
2020-07-10 16:57:41,825 [main] INFO  com.huwei.test.UserServiceTest - Started UserServiceTest in 1.925 seconds (JVM running for 2.581)
2020-07-10 16:57:41,972 [main] INFO  com.zaxxer.hikari.HikariDataSource - HikariPool-1 - Starting...
2020-07-10 16:57:42,119 [SpringContextShutdownHook] INFO  org.springframework.scheduling.concurrent.ThreadPoolTaskExecutor - Shutting down ExecutorService 'applicationTaskExecutor'
2020-07-10 16:59:02,698 [main] INFO  com.huwei.test.UserServiceTest - Starting UserServiceTest on DESKTOP-J7NPVVP with PID 15708 (started by pc in E:\other\myspring)
2020-07-10 16:59:02,699 [main] INFO  com.huwei.test.UserServiceTest - No active profile set, falling back to default profiles: default
2020-07-10 16:59:03,863 [main] INFO  org.springframework.scheduling.concurrent.ThreadPoolTaskExecutor - Initializing ExecutorService 'applicationTaskExecutor'
2020-07-10 16:59:04,134 [main] INFO  com.huwei.test.UserServiceTest - Started UserServiceTest in 1.883 seconds (JVM running for 2.519)
2020-07-10 16:59:04,297 [main] INFO  com.zaxxer.hikari.HikariDataSource - HikariPool-1 - Starting...
2020-07-10 16:59:04,446 [SpringContextShutdownHook] INFO  org.springframework.scheduling.concurrent.ThreadPoolTaskExecutor - Shutting down ExecutorService 'applicationTaskExecutor'
2020-07-10 17:00:54,285 [main] INFO  com.huwei.test.UserServiceTest - Starting UserServiceTest on DESKTOP-J7NPVVP with PID 10016 (started by pc in E:\other\myspring)
2020-07-10 17:00:54,286 [main] INFO  com.huwei.test.UserServiceTest - No active profile set, falling back to default profiles: default
2020-07-10 17:00:55,543 [main] INFO  org.springframework.scheduling.concurrent.ThreadPoolTaskExecutor - Initializing ExecutorService 'applicationTaskExecutor'
2020-07-10 17:00:55,813 [main] INFO  com.huwei.test.UserServiceTest - Started UserServiceTest in 1.979 seconds (JVM running for 2.623)
2020-07-10 17:00:55,970 [main] INFO  com.zaxxer.hikari.HikariDataSource - HikariPool-1 - Starting...
2020-07-10 17:00:56,039 [SpringContextShutdownHook] INFO  org.springframework.scheduling.concurrent.ThreadPoolTaskExecutor - Shutting down ExecutorService 'applicationTaskExecutor'
2020-07-10 17:01:36,121 [main] INFO  com.huwei.test.UserServiceTest - Starting UserServiceTest on DESKTOP-J7NPVVP with PID 30136 (started by pc in E:\other\myspring)
2020-07-10 17:01:36,122 [main] INFO  com.huwei.test.UserServiceTest - No active profile set, falling back to default profiles: default
2020-07-10 17:01:37,346 [main] INFO  org.springframework.scheduling.concurrent.ThreadPoolTaskExecutor - Initializing ExecutorService 'applicationTaskExecutor'
2020-07-10 17:01:37,623 [main] INFO  com.huwei.test.UserServiceTest - Started UserServiceTest in 2.001 seconds (JVM running for 2.636)
2020-07-10 17:01:37,781 [main] INFO  com.zaxxer.hikari.HikariDataSource - HikariPool-1 - Starting...
2020-07-10 17:01:37,936 [main] INFO  com.zaxxer.hikari.HikariDataSource - HikariPool-1 - Start completed.
2020-07-10 17:01:37,973 [main] INFO  com.huwei.test.UserServiceTest - 查找结果User [userId=10, userName=apple, userPassword=uih6, userEmail=ff@qq.com]
2020-07-10 17:01:37,981 [SpringContextShutdownHook] INFO  org.springframework.scheduling.concurrent.ThreadPoolTaskExecutor - Shutting down ExecutorService 'applicationTaskExecutor'
2020-07-10 17:01:37,982 [SpringContextShutdownHook] INFO  com.zaxxer.hikari.HikariDataSource - HikariPool-1 - Shutdown initiated...
2020-07-10 17:01:37,986 [SpringContextShutdownHook] INFO  com.zaxxer.hikari.HikariDataSource - HikariPool-1 - Shutdown completed.
2020-07-10 17:08:03,298 [main] INFO  com.huwei.Application - Starting Application on DESKTOP-J7NPVVP with PID 8324 (E:\other\myspring\target\classes started by pc in E:\other\myspring)
2020-07-10 17:08:03,300 [main] INFO  com.huwei.Application - No active profile set, falling back to default profiles: default
2020-07-10 17:08:03,928 [main] INFO  org.springframework.boot.web.embedded.tomcat.TomcatWebServer - Tomcat initialized with port(s): 8080 (http)
2020-07-10 17:08:03,933 [main] INFO  org.apache.coyote.http11.Http11NioProtocol - Initializing ProtocolHandler ["http-nio-8080"]
2020-07-10 17:08:03,933 [main] INFO  org.apache.catalina.core.StandardService - Starting service [Tomcat]
2020-07-10 17:08:03,933 [main] INFO  org.apache.catalina.core.StandardEngine - Starting Servlet engine: [Apache Tomcat/9.0.27]
2020-07-10 17:08:03,994 [main] INFO  org.apache.catalina.core.ContainerBase.[Tomcat].[localhost].[/] - Initializing Spring embedded WebApplicationContext
2020-07-10 17:08:03,995 [main] INFO  org.springframework.web.context.ContextLoader - Root WebApplicationContext: initialization completed in 634 ms
2020-07-10 17:08:04,229 [main] INFO  org.springframework.scheduling.concurrent.ThreadPoolTaskExecutor - Initializing ExecutorService 'applicationTaskExecutor'
2020-07-10 17:08:04,265 [main] INFO  org.springframework.boot.autoconfigure.web.servlet.WelcomePageHandlerMapping - Adding welcome page template: index
2020-07-10 17:08:04,373 [main] INFO  org.apache.coyote.http11.Http11NioProtocol - Starting ProtocolHandler ["http-nio-8080"]
2020-07-10 17:08:04,386 [main] INFO  org.springframework.boot.web.embedded.tomcat.TomcatWebServer - Tomcat started on port(s): 8080 (http) with context path ''
2020-07-10 17:08:04,388 [main] INFO  com.huwei.Application - Started Application in 1.411 seconds (JVM running for 1.847)
2020-07-10 17:08:20,456 [http-nio-8080-exec-1] INFO  org.apache.catalina.core.ContainerBase.[Tomcat].[localhost].[/] - Initializing Spring DispatcherServlet 'dispatcherServlet'
2020-07-10 17:08:20,456 [http-nio-8080-exec-1] INFO  org.springframework.web.servlet.DispatcherServlet - Initializing Servlet 'dispatcherServlet'
2020-07-10 17:08:20,460 [http-nio-8080-exec-1] INFO  org.springframework.web.servlet.DispatcherServlet - Completed initialization in 4 ms
2020-07-10 17:09:40,942 [main] INFO  com.huwei.Application - Starting Application on DESKTOP-J7NPVVP with PID 21632 (E:\other\myspring\target\classes started by pc in E:\other\myspring)
2020-07-10 17:09:40,944 [main] INFO  com.huwei.Application - No active profile set, falling back to default profiles: default
2020-07-10 17:09:41,551 [main] INFO  org.springframework.boot.web.embedded.tomcat.TomcatWebServer - Tomcat initialized with port(s): 8080 (http)
2020-07-10 17:09:41,557 [main] INFO  org.apache.coyote.http11.Http11NioProtocol - Initializing ProtocolHandler ["http-nio-8080"]
2020-07-10 17:09:41,557 [main] INFO  org.apache.catalina.core.StandardService - Starting service [Tomcat]
2020-07-10 17:09:41,558 [main] INFO  org.apache.catalina.core.StandardEngine - Starting Servlet engine: [Apache Tomcat/9.0.27]
2020-07-10 17:09:41,631 [main] INFO  org.apache.catalina.core.ContainerBase.[Tomcat].[localhost].[/] - Initializing Spring embedded WebApplicationContext
2020-07-10 17:09:41,631 [main] INFO  org.springframework.web.context.ContextLoader - Root WebApplicationContext: initialization completed in 661 ms
2020-07-10 17:09:41,855 [main] INFO  org.springframework.scheduling.concurrent.ThreadPoolTaskExecutor - Initializing ExecutorService 'applicationTaskExecutor'
2020-07-10 17:09:41,923 [main] INFO  org.springframework.boot.autoconfigure.web.servlet.WelcomePageHandlerMapping - Adding welcome page template: index
2020-07-10 17:09:42,001 [main] INFO  org.apache.coyote.http11.Http11NioProtocol - Starting ProtocolHandler ["http-nio-8080"]
2020-07-10 17:09:42,014 [main] INFO  org.springframework.boot.web.embedded.tomcat.TomcatWebServer - Tomcat started on port(s): 8080 (http) with context path ''
2020-07-10 17:09:42,016 [main] INFO  com.huwei.Application - Started Application in 1.447 seconds (JVM running for 1.873)
2020-07-10 17:09:54,000 [http-nio-8080-exec-1] INFO  org.apache.catalina.core.ContainerBase.[Tomcat].[localhost].[/] - Initializing Spring DispatcherServlet 'dispatcherServlet'
2020-07-10 17:09:54,001 [http-nio-8080-exec-1] INFO  org.springframework.web.servlet.DispatcherServlet - Initializing Servlet 'dispatcherServlet'
2020-07-10 17:09:54,004 [http-nio-8080-exec-1] INFO  org.springframework.web.servlet.DispatcherServlet - Completed initialization in 3 ms
2020-07-10 17:10:27,930 [http-nio-8080-exec-2] INFO  com.zaxxer.hikari.HikariDataSource - HikariPool-1 - Starting...
2020-07-10 17:10:28,013 [http-nio-8080-exec-2] INFO  com.zaxxer.hikari.HikariDataSource - HikariPool-1 - Start completed.
2020-07-10 17:16:27,880 [main] INFO  com.huwei.Application - Starting Application on DESKTOP-J7NPVVP with PID 2828 (E:\other\myspring\target\classes started by pc in E:\other\myspring)
2020-07-10 17:16:27,882 [main] INFO  com.huwei.Application - No active profile set, falling back to default profiles: default
2020-07-10 17:16:28,474 [main] INFO  org.springframework.boot.web.embedded.tomcat.TomcatWebServer - Tomcat initialized with port(s): 8080 (http)
2020-07-10 17:16:28,479 [main] INFO  org.apache.coyote.http11.Http11NioProtocol - Initializing ProtocolHandler ["http-nio-8080"]
2020-07-10 17:16:28,480 [main] INFO  org.apache.catalina.core.StandardService - Starting service [Tomcat]
2020-07-10 17:16:28,480 [main] INFO  org.apache.catalina.core.StandardEngine - Starting Servlet engine: [Apache Tomcat/9.0.27]
2020-07-10 17:16:28,549 [main] INFO  org.apache.catalina.core.ContainerBase.[Tomcat].[localhost].[/] - Initializing Spring embedded WebApplicationContext
2020-07-10 17:16:28,549 [main] INFO  org.springframework.web.context.ContextLoader - Root WebApplicationContext: initialization completed in 642 ms
2020-07-10 17:16:28,773 [main] INFO  org.springframework.scheduling.concurrent.ThreadPoolTaskExecutor - Initializing ExecutorService 'applicationTaskExecutor'
2020-07-10 17:16:28,844 [main] INFO  org.springframework.boot.autoconfigure.web.servlet.WelcomePageHandlerMapping - Adding welcome page template: index
2020-07-10 17:16:28,918 [main] INFO  org.apache.coyote.http11.Http11NioProtocol - Starting ProtocolHandler ["http-nio-8080"]
2020-07-10 17:16:28,931 [main] INFO  org.springframework.boot.web.embedded.tomcat.TomcatWebServer - Tomcat started on port(s): 8080 (http) with context path ''
2020-07-10 17:16:28,933 [main] INFO  com.huwei.Application - Started Application in 1.399 seconds (JVM running for 1.878)
2020-07-10 17:30:43,864 [main] INFO  com.huwei.test.UserServiceTest - Starting UserServiceTest on DESKTOP-J7NPVVP with PID 30588 (started by pc in E:\other\myspring)
2020-07-10 17:30:43,865 [main] INFO  com.huwei.test.UserServiceTest - No active profile set, falling back to default profiles: default
2020-07-10 17:30:45,096 [main] INFO  org.springframework.scheduling.concurrent.ThreadPoolTaskExecutor - Initializing ExecutorService 'applicationTaskExecutor'
2020-07-10 17:30:45,169 [main] INFO  org.springframework.boot.autoconfigure.web.servlet.WelcomePageHandlerMapping - Adding welcome page template: index
2020-07-10 17:30:45,354 [main] INFO  com.huwei.test.UserServiceTest - Started UserServiceTest in 1.948 seconds (JVM running for 2.665)
2020-07-10 17:30:45,495 [main] INFO  com.zaxxer.hikari.HikariDataSource - HikariPool-1 - Starting...
2020-07-10 17:30:45,626 [main] INFO  com.zaxxer.hikari.HikariDataSource - HikariPool-1 - Start completed.
2020-07-10 17:30:45,659 [main] INFO  com.huwei.test.UserServiceTest - 查找结果User [userId=10, userName=apple, userPassword=uih6, userEmail=ff@qq.com]
2020-07-10 17:30:45,666 [SpringContextShutdownHook] INFO  org.springframework.scheduling.concurrent.ThreadPoolTaskExecutor - Shutting down ExecutorService 'applicationTaskExecutor'
2020-07-10 17:30:45,666 [SpringContextShutdownHook] INFO  com.zaxxer.hikari.HikariDataSource - HikariPool-1 - Shutdown initiated...
2020-07-10 17:30:45,671 [SpringContextShutdownHook] INFO  com.zaxxer.hikari.HikariDataSource - HikariPool-1 - Shutdown completed.
